[2022-05-04 16:26:03,753] {processor.py:153} INFO - Started process (PID=183) to work on /opt/airflow/dags/dag.py
[2022-05-04 16:26:03,756] {processor.py:641} INFO - Processing file /opt/airflow/dags/dag.py for tasks to queue
[2022-05-04 16:26:03,760] {logging_mixin.py:115} INFO - [2022-05-04 16:26:03,759] {dagbag.py:507} INFO - Filling up the DagBag from /opt/airflow/dags/dag.py
[2022-05-04 16:26:03,874] {processor.py:653} WARNING - No viable dags retrieved from /opt/airflow/dags/dag.py
[2022-05-04 16:26:04,019] {processor.py:161} INFO - Processing /opt/airflow/dags/dag.py took 0.282 seconds
[2022-05-04 16:26:34,174] {processor.py:153} INFO - Started process (PID=207) to work on /opt/airflow/dags/dag.py
[2022-05-04 16:26:34,178] {processor.py:641} INFO - Processing file /opt/airflow/dags/dag.py for tasks to queue
[2022-05-04 16:26:34,184] {logging_mixin.py:115} INFO - [2022-05-04 16:26:34,183] {dagbag.py:507} INFO - Filling up the DagBag from /opt/airflow/dags/dag.py
[2022-05-04 16:26:34,231] {processor.py:653} WARNING - No viable dags retrieved from /opt/airflow/dags/dag.py
[2022-05-04 16:26:34,281] {processor.py:161} INFO - Processing /opt/airflow/dags/dag.py took 0.119 seconds
[2022-05-04 16:27:04,531] {processor.py:153} INFO - Started process (PID=233) to work on /opt/airflow/dags/dag.py
[2022-05-04 16:27:04,534] {processor.py:641} INFO - Processing file /opt/airflow/dags/dag.py for tasks to queue
[2022-05-04 16:27:04,537] {logging_mixin.py:115} INFO - [2022-05-04 16:27:04,536] {dagbag.py:507} INFO - Filling up the DagBag from /opt/airflow/dags/dag.py
[2022-05-04 16:27:04,559] {processor.py:653} WARNING - No viable dags retrieved from /opt/airflow/dags/dag.py
[2022-05-04 16:27:04,592] {processor.py:161} INFO - Processing /opt/airflow/dags/dag.py took 0.069 seconds
[2022-05-04 16:41:39,457] {processor.py:153} INFO - Started process (PID=206) to work on /opt/airflow/dags/dag.py
[2022-05-04 16:41:39,473] {processor.py:641} INFO - Processing file /opt/airflow/dags/dag.py for tasks to queue
[2022-05-04 16:41:39,479] {logging_mixin.py:115} INFO - [2022-05-04 16:41:39,479] {dagbag.py:507} INFO - Filling up the DagBag from /opt/airflow/dags/dag.py
[2022-05-04 16:41:39,793] {processor.py:653} WARNING - No viable dags retrieved from /opt/airflow/dags/dag.py
[2022-05-04 16:41:39,961] {processor.py:161} INFO - Processing /opt/airflow/dags/dag.py took 0.596 seconds
[2022-05-04 16:42:10,797] {processor.py:153} INFO - Started process (PID=231) to work on /opt/airflow/dags/dag.py
[2022-05-04 16:42:10,817] {processor.py:641} INFO - Processing file /opt/airflow/dags/dag.py for tasks to queue
[2022-05-04 16:42:10,827] {logging_mixin.py:115} INFO - [2022-05-04 16:42:10,826] {dagbag.py:507} INFO - Filling up the DagBag from /opt/airflow/dags/dag.py
[2022-05-04 16:42:10,902] {processor.py:653} WARNING - No viable dags retrieved from /opt/airflow/dags/dag.py
[2022-05-04 16:42:11,014] {processor.py:161} INFO - Processing /opt/airflow/dags/dag.py took 0.236 seconds
[2022-05-04 16:42:41,329] {processor.py:153} INFO - Started process (PID=253) to work on /opt/airflow/dags/dag.py
[2022-05-04 16:42:41,333] {processor.py:641} INFO - Processing file /opt/airflow/dags/dag.py for tasks to queue
[2022-05-04 16:42:41,339] {logging_mixin.py:115} INFO - [2022-05-04 16:42:41,338] {dagbag.py:507} INFO - Filling up the DagBag from /opt/airflow/dags/dag.py
[2022-05-04 16:42:41,382] {processor.py:653} WARNING - No viable dags retrieved from /opt/airflow/dags/dag.py
[2022-05-04 16:42:41,486] {processor.py:161} INFO - Processing /opt/airflow/dags/dag.py took 0.165 seconds
[2022-05-04 16:43:11,818] {processor.py:153} INFO - Started process (PID=274) to work on /opt/airflow/dags/dag.py
[2022-05-04 16:43:11,831] {processor.py:641} INFO - Processing file /opt/airflow/dags/dag.py for tasks to queue
[2022-05-04 16:43:11,843] {logging_mixin.py:115} INFO - [2022-05-04 16:43:11,843] {dagbag.py:507} INFO - Filling up the DagBag from /opt/airflow/dags/dag.py
[2022-05-04 16:43:11,964] {processor.py:653} WARNING - No viable dags retrieved from /opt/airflow/dags/dag.py
[2022-05-04 16:43:12,075] {processor.py:161} INFO - Processing /opt/airflow/dags/dag.py took 0.313 seconds
[2022-05-04 16:43:42,546] {processor.py:153} INFO - Started process (PID=299) to work on /opt/airflow/dags/dag.py
[2022-05-04 16:43:42,567] {processor.py:641} INFO - Processing file /opt/airflow/dags/dag.py for tasks to queue
[2022-05-04 16:43:42,573] {logging_mixin.py:115} INFO - [2022-05-04 16:43:42,573] {dagbag.py:507} INFO - Filling up the DagBag from /opt/airflow/dags/dag.py
[2022-05-04 16:43:42,618] {processor.py:653} WARNING - No viable dags retrieved from /opt/airflow/dags/dag.py
[2022-05-04 16:43:42,764] {processor.py:161} INFO - Processing /opt/airflow/dags/dag.py took 0.244 seconds
[2022-05-04 16:44:13,135] {processor.py:153} INFO - Started process (PID=325) to work on /opt/airflow/dags/dag.py
[2022-05-04 16:44:13,144] {processor.py:641} INFO - Processing file /opt/airflow/dags/dag.py for tasks to queue
[2022-05-04 16:44:13,148] {logging_mixin.py:115} INFO - [2022-05-04 16:44:13,148] {dagbag.py:507} INFO - Filling up the DagBag from /opt/airflow/dags/dag.py
[2022-05-04 16:44:13,247] {processor.py:653} WARNING - No viable dags retrieved from /opt/airflow/dags/dag.py
[2022-05-04 16:44:13,374] {processor.py:161} INFO - Processing /opt/airflow/dags/dag.py took 0.289 seconds
[2022-05-04 16:44:43,610] {processor.py:153} INFO - Started process (PID=349) to work on /opt/airflow/dags/dag.py
[2022-05-04 16:44:43,620] {processor.py:641} INFO - Processing file /opt/airflow/dags/dag.py for tasks to queue
[2022-05-04 16:44:43,629] {logging_mixin.py:115} INFO - [2022-05-04 16:44:43,629] {dagbag.py:507} INFO - Filling up the DagBag from /opt/airflow/dags/dag.py
[2022-05-04 16:44:43,664] {processor.py:653} WARNING - No viable dags retrieved from /opt/airflow/dags/dag.py
[2022-05-04 16:44:43,736] {processor.py:161} INFO - Processing /opt/airflow/dags/dag.py took 0.131 seconds
[2022-05-04 16:45:14,486] {processor.py:153} INFO - Started process (PID=376) to work on /opt/airflow/dags/dag.py
[2022-05-04 16:45:14,500] {processor.py:641} INFO - Processing file /opt/airflow/dags/dag.py for tasks to queue
[2022-05-04 16:45:14,513] {logging_mixin.py:115} INFO - [2022-05-04 16:45:14,512] {dagbag.py:507} INFO - Filling up the DagBag from /opt/airflow/dags/dag.py
[2022-05-04 16:45:14,599] {processor.py:653} WARNING - No viable dags retrieved from /opt/airflow/dags/dag.py
[2022-05-04 16:45:14,785] {processor.py:161} INFO - Processing /opt/airflow/dags/dag.py took 0.330 seconds
[2022-05-04 16:45:45,132] {processor.py:153} INFO - Started process (PID=401) to work on /opt/airflow/dags/dag.py
[2022-05-04 16:45:45,144] {processor.py:641} INFO - Processing file /opt/airflow/dags/dag.py for tasks to queue
[2022-05-04 16:45:45,147] {logging_mixin.py:115} INFO - [2022-05-04 16:45:45,147] {dagbag.py:507} INFO - Filling up the DagBag from /opt/airflow/dags/dag.py
[2022-05-04 16:45:45,185] {processor.py:653} WARNING - No viable dags retrieved from /opt/airflow/dags/dag.py
[2022-05-04 16:45:45,262] {processor.py:161} INFO - Processing /opt/airflow/dags/dag.py took 0.148 seconds
[2022-05-04 16:46:15,754] {processor.py:153} INFO - Started process (PID=415) to work on /opt/airflow/dags/dag.py
[2022-05-04 16:46:15,757] {processor.py:641} INFO - Processing file /opt/airflow/dags/dag.py for tasks to queue
[2022-05-04 16:46:15,770] {logging_mixin.py:115} INFO - [2022-05-04 16:46:15,767] {dagbag.py:507} INFO - Filling up the DagBag from /opt/airflow/dags/dag.py
[2022-05-04 16:46:15,803] {processor.py:653} WARNING - No viable dags retrieved from /opt/airflow/dags/dag.py
[2022-05-04 16:46:15,916] {processor.py:161} INFO - Processing /opt/airflow/dags/dag.py took 0.173 seconds
[2022-05-04 16:46:46,153] {processor.py:153} INFO - Started process (PID=440) to work on /opt/airflow/dags/dag.py
[2022-05-04 16:46:46,158] {processor.py:641} INFO - Processing file /opt/airflow/dags/dag.py for tasks to queue
[2022-05-04 16:46:46,163] {logging_mixin.py:115} INFO - [2022-05-04 16:46:46,162] {dagbag.py:507} INFO - Filling up the DagBag from /opt/airflow/dags/dag.py
[2022-05-04 16:46:46,204] {processor.py:653} WARNING - No viable dags retrieved from /opt/airflow/dags/dag.py
[2022-05-04 16:46:46,289] {processor.py:161} INFO - Processing /opt/airflow/dags/dag.py took 0.144 seconds
[2022-05-04 16:47:16,687] {processor.py:153} INFO - Started process (PID=463) to work on /opt/airflow/dags/dag.py
[2022-05-04 16:47:16,692] {processor.py:641} INFO - Processing file /opt/airflow/dags/dag.py for tasks to queue
[2022-05-04 16:47:16,704] {logging_mixin.py:115} INFO - [2022-05-04 16:47:16,704] {dagbag.py:507} INFO - Filling up the DagBag from /opt/airflow/dags/dag.py
[2022-05-04 16:47:16,731] {processor.py:653} WARNING - No viable dags retrieved from /opt/airflow/dags/dag.py
[2022-05-04 16:47:16,831] {processor.py:161} INFO - Processing /opt/airflow/dags/dag.py took 0.160 seconds
[2022-05-04 16:47:47,350] {processor.py:153} INFO - Started process (PID=477) to work on /opt/airflow/dags/dag.py
[2022-05-04 16:47:47,357] {processor.py:641} INFO - Processing file /opt/airflow/dags/dag.py for tasks to queue
[2022-05-04 16:47:47,376] {logging_mixin.py:115} INFO - [2022-05-04 16:47:47,375] {dagbag.py:507} INFO - Filling up the DagBag from /opt/airflow/dags/dag.py
[2022-05-04 16:47:47,501] {processor.py:653} WARNING - No viable dags retrieved from /opt/airflow/dags/dag.py
[2022-05-04 16:47:47,598] {processor.py:161} INFO - Processing /opt/airflow/dags/dag.py took 0.323 seconds
[2022-05-04 19:33:14,261] {processor.py:153} INFO - Started process (PID=183) to work on /opt/airflow/dags/dag.py
[2022-05-04 19:33:14,271] {processor.py:641} INFO - Processing file /opt/airflow/dags/dag.py for tasks to queue
[2022-05-04 19:33:14,276] {logging_mixin.py:115} INFO - [2022-05-04 19:33:14,275] {dagbag.py:507} INFO - Filling up the DagBag from /opt/airflow/dags/dag.py
[2022-05-04 19:33:14,416] {processor.py:653} WARNING - No viable dags retrieved from /opt/airflow/dags/dag.py
[2022-05-04 19:33:14,527] {processor.py:161} INFO - Processing /opt/airflow/dags/dag.py took 0.289 seconds
[2022-05-04 19:33:45,075] {processor.py:153} INFO - Started process (PID=207) to work on /opt/airflow/dags/dag.py
[2022-05-04 19:33:45,079] {processor.py:641} INFO - Processing file /opt/airflow/dags/dag.py for tasks to queue
[2022-05-04 19:33:45,089] {logging_mixin.py:115} INFO - [2022-05-04 19:33:45,089] {dagbag.py:507} INFO - Filling up the DagBag from /opt/airflow/dags/dag.py
[2022-05-04 19:33:45,153] {processor.py:653} WARNING - No viable dags retrieved from /opt/airflow/dags/dag.py
[2022-05-04 19:33:45,230] {processor.py:161} INFO - Processing /opt/airflow/dags/dag.py took 0.175 seconds
[2022-05-04 19:34:15,501] {processor.py:153} INFO - Started process (PID=231) to work on /opt/airflow/dags/dag.py
[2022-05-04 19:34:15,507] {processor.py:641} INFO - Processing file /opt/airflow/dags/dag.py for tasks to queue
[2022-05-04 19:34:15,511] {logging_mixin.py:115} INFO - [2022-05-04 19:34:15,510] {dagbag.py:507} INFO - Filling up the DagBag from /opt/airflow/dags/dag.py
[2022-05-04 19:34:15,548] {processor.py:653} WARNING - No viable dags retrieved from /opt/airflow/dags/dag.py
[2022-05-04 19:34:15,590] {processor.py:161} INFO - Processing /opt/airflow/dags/dag.py took 0.099 seconds
[2022-05-04 19:34:45,817] {processor.py:153} INFO - Started process (PID=255) to work on /opt/airflow/dags/dag.py
[2022-05-04 19:34:45,821] {processor.py:641} INFO - Processing file /opt/airflow/dags/dag.py for tasks to queue
[2022-05-04 19:34:45,827] {logging_mixin.py:115} INFO - [2022-05-04 19:34:45,827] {dagbag.py:507} INFO - Filling up the DagBag from /opt/airflow/dags/dag.py
[2022-05-04 19:34:45,863] {processor.py:653} WARNING - No viable dags retrieved from /opt/airflow/dags/dag.py
[2022-05-04 19:34:45,925] {processor.py:161} INFO - Processing /opt/airflow/dags/dag.py took 0.131 seconds
[2022-05-04 19:35:16,027] {processor.py:153} INFO - Started process (PID=280) to work on /opt/airflow/dags/dag.py
[2022-05-04 19:35:16,031] {processor.py:641} INFO - Processing file /opt/airflow/dags/dag.py for tasks to queue
[2022-05-04 19:35:16,034] {logging_mixin.py:115} INFO - [2022-05-04 19:35:16,033] {dagbag.py:507} INFO - Filling up the DagBag from /opt/airflow/dags/dag.py
[2022-05-04 19:35:16,056] {processor.py:653} WARNING - No viable dags retrieved from /opt/airflow/dags/dag.py
[2022-05-04 19:35:16,089] {processor.py:161} INFO - Processing /opt/airflow/dags/dag.py took 0.067 seconds
[2022-05-04 19:35:46,216] {processor.py:153} INFO - Started process (PID=316) to work on /opt/airflow/dags/dag.py
[2022-05-04 19:35:46,222] {processor.py:641} INFO - Processing file /opt/airflow/dags/dag.py for tasks to queue
[2022-05-04 19:35:46,228] {logging_mixin.py:115} INFO - [2022-05-04 19:35:46,228] {dagbag.py:507} INFO - Filling up the DagBag from /opt/airflow/dags/dag.py
[2022-05-04 19:35:46,267] {processor.py:653} WARNING - No viable dags retrieved from /opt/airflow/dags/dag.py
[2022-05-04 19:35:46,322] {processor.py:161} INFO - Processing /opt/airflow/dags/dag.py took 0.122 seconds
[2022-05-04 19:36:16,684] {processor.py:153} INFO - Started process (PID=340) to work on /opt/airflow/dags/dag.py
[2022-05-04 19:36:16,688] {processor.py:641} INFO - Processing file /opt/airflow/dags/dag.py for tasks to queue
[2022-05-04 19:36:16,694] {logging_mixin.py:115} INFO - [2022-05-04 19:36:16,694] {dagbag.py:507} INFO - Filling up the DagBag from /opt/airflow/dags/dag.py
[2022-05-04 19:36:16,722] {processor.py:653} WARNING - No viable dags retrieved from /opt/airflow/dags/dag.py
[2022-05-04 19:36:16,763] {processor.py:161} INFO - Processing /opt/airflow/dags/dag.py took 0.087 seconds
[2022-05-04 19:38:48,921] {processor.py:153} INFO - Started process (PID=183) to work on /opt/airflow/dags/dag.py
[2022-05-04 19:38:48,934] {processor.py:641} INFO - Processing file /opt/airflow/dags/dag.py for tasks to queue
[2022-05-04 19:38:48,953] {logging_mixin.py:115} INFO - [2022-05-04 19:38:48,952] {dagbag.py:507} INFO - Filling up the DagBag from /opt/airflow/dags/dag.py
[2022-05-04 19:38:49,281] {processor.py:653} WARNING - No viable dags retrieved from /opt/airflow/dags/dag.py
[2022-05-04 19:38:49,477] {processor.py:161} INFO - Processing /opt/airflow/dags/dag.py took 0.588 seconds
[2022-05-04 19:39:19,618] {processor.py:153} INFO - Started process (PID=213) to work on /opt/airflow/dags/dag.py
[2022-05-04 19:39:19,621] {processor.py:641} INFO - Processing file /opt/airflow/dags/dag.py for tasks to queue
[2022-05-04 19:39:19,624] {logging_mixin.py:115} INFO - [2022-05-04 19:39:19,624] {dagbag.py:507} INFO - Filling up the DagBag from /opt/airflow/dags/dag.py
[2022-05-04 19:39:19,656] {processor.py:653} WARNING - No viable dags retrieved from /opt/airflow/dags/dag.py
[2022-05-04 19:39:19,735] {processor.py:161} INFO - Processing /opt/airflow/dags/dag.py took 0.123 seconds
[2022-05-04 19:39:49,898] {processor.py:153} INFO - Started process (PID=238) to work on /opt/airflow/dags/dag.py
[2022-05-04 19:39:49,902] {processor.py:641} INFO - Processing file /opt/airflow/dags/dag.py for tasks to queue
[2022-05-04 19:39:49,906] {logging_mixin.py:115} INFO - [2022-05-04 19:39:49,905] {dagbag.py:507} INFO - Filling up the DagBag from /opt/airflow/dags/dag.py
[2022-05-04 19:39:49,949] {processor.py:653} WARNING - No viable dags retrieved from /opt/airflow/dags/dag.py
[2022-05-04 19:39:50,126] {processor.py:161} INFO - Processing /opt/airflow/dags/dag.py took 0.243 seconds
[2022-05-04 19:40:20,439] {processor.py:153} INFO - Started process (PID=272) to work on /opt/airflow/dags/dag.py
[2022-05-04 19:40:20,444] {processor.py:641} INFO - Processing file /opt/airflow/dags/dag.py for tasks to queue
[2022-05-04 19:40:20,448] {logging_mixin.py:115} INFO - [2022-05-04 19:40:20,447] {dagbag.py:507} INFO - Filling up the DagBag from /opt/airflow/dags/dag.py
[2022-05-04 19:40:20,470] {processor.py:653} WARNING - No viable dags retrieved from /opt/airflow/dags/dag.py
[2022-05-04 19:40:20,526] {processor.py:161} INFO - Processing /opt/airflow/dags/dag.py took 0.094 seconds
[2022-05-04 19:40:50,832] {processor.py:153} INFO - Started process (PID=301) to work on /opt/airflow/dags/dag.py
[2022-05-04 19:40:50,835] {processor.py:641} INFO - Processing file /opt/airflow/dags/dag.py for tasks to queue
[2022-05-04 19:40:50,840] {logging_mixin.py:115} INFO - [2022-05-04 19:40:50,840] {dagbag.py:507} INFO - Filling up the DagBag from /opt/airflow/dags/dag.py
[2022-05-04 19:40:50,900] {processor.py:653} WARNING - No viable dags retrieved from /opt/airflow/dags/dag.py
[2022-05-04 19:40:51,017] {processor.py:161} INFO - Processing /opt/airflow/dags/dag.py took 0.205 seconds
[2022-05-04 19:41:21,442] {processor.py:153} INFO - Started process (PID=332) to work on /opt/airflow/dags/dag.py
[2022-05-04 19:41:21,455] {processor.py:641} INFO - Processing file /opt/airflow/dags/dag.py for tasks to queue
[2022-05-04 19:41:21,475] {logging_mixin.py:115} INFO - [2022-05-04 19:41:21,474] {dagbag.py:507} INFO - Filling up the DagBag from /opt/airflow/dags/dag.py
[2022-05-04 19:41:21,588] {processor.py:653} WARNING - No viable dags retrieved from /opt/airflow/dags/dag.py
[2022-05-04 19:41:21,676] {processor.py:161} INFO - Processing /opt/airflow/dags/dag.py took 0.260 seconds
[2022-05-04 19:41:52,645] {processor.py:153} INFO - Started process (PID=353) to work on /opt/airflow/dags/dag.py
[2022-05-04 19:41:52,929] {processor.py:641} INFO - Processing file /opt/airflow/dags/dag.py for tasks to queue
[2022-05-04 19:41:52,968] {logging_mixin.py:115} INFO - [2022-05-04 19:41:52,963] {dagbag.py:507} INFO - Filling up the DagBag from /opt/airflow/dags/dag.py
[2022-05-04 19:41:53,257] {processor.py:653} WARNING - No viable dags retrieved from /opt/airflow/dags/dag.py
[2022-05-04 19:41:53,403] {processor.py:161} INFO - Processing /opt/airflow/dags/dag.py took 1.060 seconds
